
> educonnect-web@2.0.0 dev
> next dev

▲ Next.js 16.1.1 (Turbopack)
- Local:         http://localhost:3000
- Network:       http://192.168.0.254:3000
- Environments: .env

✓ Starting...
⚠ The "middleware" file convention is deprecated. Please use "proxy" instead. Learn more: https://nextjs.org/docs/messages/middleware-to-proxy
✓ Ready in 1032ms
 GET / 200 in 693ms (compile: 423ms, proxy.ts: 72ms, render: 198ms)
 GET /dashboard 200 in 450ms (compile: 424ms, proxy.ts: 7ms, render: 19ms)
✓ Compiled in 201ms
✓ Compiled in 22ms
 GET / 200 in 91ms (compile: 10ms, proxy.ts: 20ms, render: 62ms)
 GET /dashboard 200 in 76ms (compile: 50ms, proxy.ts: 7ms, render: 19ms)
✓ Compiled in 1088ms
✓ Compiled in 84ms
 GET / 200 in 70ms (compile: 20ms, proxy.ts: 25ms, render: 26ms)
 GET /login 200 in 189ms (compile: 162ms, proxy.ts: 15ms, render: 12ms)
 GET /dashboard 200 in 89ms (compile: 61ms, proxy.ts: 10ms, render: 18ms)
 GET /login 200 in 48ms (compile: 4ms, proxy.ts: 30ms, render: 14ms)
 GET / 200 in 59ms (compile: 11ms, proxy.ts: 7ms, render: 41ms)
 GET / 200 in 71ms (compile: 5ms, proxy.ts: 8ms, render: 59ms)
 GET /signup 200 in 68ms (compile: 40ms, proxy.ts: 6ms, render: 22ms)
 GET /login 200 in 29ms (compile: 5ms, proxy.ts: 6ms, render: 18ms)
 GET /dashboard 200 in 23ms (compile: 4ms, proxy.ts: 6ms, render: 13ms)
 GET /payment 200 in 379ms (compile: 361ms, proxy.ts: 9ms, render: 8ms)
